

[2025-04-26 13:41:41] Starting preprocessing script...
[2025-04-26 13:42:23] Preprocessing completed successfully.
[2025-04-26 13:42:23] Starting dashboard script...
[2025-04-26 13:42:25] Dashboard data updated successfully.
[2025-04-26 13:42:25] Run completed.

[2025-04-26 19:05:19] Starting preprocessing script...
[2025-04-26 19:05:58] Preprocessing completed successfully.
[2025-04-26 19:05:58] Starting dashboard script...
[2025-04-26 19:06:00] Dashboard data updated successfully.
[2025-04-26 19:06:00] Run completed.

[2025-04-26 19:13:29] Starting preprocessing script...
[2025-04-26 19:14:08] Preprocessing completed successfully.
[2025-04-26 19:14:08] Starting dashboard script...
[2025-04-26 19:14:10] Dashboard data updated successfully.
[2025-04-26 19:14:10] Run completed.

[2025-04-27 11:32:48] Starting preprocessing script...
[2025-04-27 11:33:39] Preprocessing completed successfully.
[2025-04-27 11:33:39] Starting dashboard script...
[2025-04-27 11:33:41] Dashboard data updated successfully.
[2025-04-27 11:33:41] Run completed.

[2025-04-27 18:14:19] Starting preprocessing script...
[2025-04-27 18:14:59] Preprocessing completed successfully.
[2025-04-27 18:14:59] Starting dashboard script...
[2025-04-27 18:15:01] Dashboard data updated successfully.
[2025-04-27 18:15:01] Run completed.

[2025-04-27 18:16:06] Starting preprocessing script...
[2025-04-27 18:16:43] Preprocessing completed successfully.
[2025-04-27 18:16:43] Starting dashboard script...
[2025-04-27 18:16:45] Dashboard data updated successfully.
[2025-04-27 18:16:45] Run completed.

[2025-04-27 18:20:21] Starting preprocessing script...
[2025-04-27 18:20:22] Starting preprocessing script...
[2025-04-27 18:21:01] Preprocessing completed successfully.
[2025-04-27 18:21:01] Starting dashboard script...
[2025-04-27 18:21:03] Dashboard data updated successfully.
[2025-04-27 18:21:03] Run completed.

